<?xml version="1.0" encoding="UTF-8"?>
<!-- Generated by org.testng.reporters.JUnitReportReporter -->
<testsuite hostname="DESKTOP-2KSQFIB" failures="0" tests="1" name="tests.Login_AC" time="13.550" errors="0" timestamp="2023-02-13T10:02:46 BDT" skipped="0">
  <testcase classname="tests.Login_AC" name="test" time="13.550"/>
  <system-out/>
</testsuite> <!-- tests.Login_AC -->
