<?xml version="1.0" encoding="UTF-8"?>
<!-- Generated by org.testng.reporters.JUnitReportReporter -->
<testsuite hostname="DESKTOP-2KSQFIB" failures="0" tests="1" name="tests.Check_out" time="25.888" errors="0" timestamp="2023-02-13T12:38:48 BDT" skipped="0">
  <testcase classname="tests.Check_out" name="check" time="25.888"/>
  <system-out/>
</testsuite> <!-- tests.Check_out -->
