<?xml version="1.0" encoding="UTF-8"?>
<!-- Generated by org.testng.reporters.JUnitReportReporter -->
<testsuite hostname="DESKTOP-2KSQFIB" failures="0" tests="1" name="tests.Doing" time="12.037" errors="0" timestamp="2023-02-11T12:19:26 BDT" skipped="0">
  <testcase classname="tests.Doing" name="doing" time="12.037"/>
  <system-out/>
</testsuite> <!-- tests.Doing -->
