<?xml version="1.0" encoding="UTF-8"?>
<!-- Generated by org.testng.reporters.JUnitReportReporter -->
<testsuite hostname="DESKTOP-2KSQFIB" failures="0" tests="1" name="tests.Selec_item" time="8.474" errors="0" timestamp="2023-02-13T11:53:17 BDT" skipped="0">
  <testcase classname="tests.Selec_item" name="iteam" time="8.474"/>
  <system-out/>
</testsuite> <!-- tests.Selec_item -->
