<?xml version="1.0" encoding="UTF-8"?>
<!-- Generated by org.testng.reporters.JUnitReportReporter -->
<testsuite hostname="DESKTOP-2KSQFIB" failures="0" tests="1" name="tests.Home_Page" time="12.191" errors="0" timestamp="2023-02-13T10:48:07 BDT" skipped="0">
  <testcase classname="tests.Home_Page" name="test" time="12.191"/>
  <system-out/>
</testsuite> <!-- tests.Home_Page -->
